Build started 1/12/2012 11:57:14 AM.
     1>Project "C:\Users\Andre\Documents\Coding\CG\CG-1112i-LI31DN-LI51DN\OpenGL\Demos\Gorillaz_GSAJ\Gorillaz_GSAJ.vcxproj" on node 3 (build target(s)).
     1>InitializeBuildStatus:
         Touching "Debug\Gorillaz_GSAJ.unsuccessfulbuild".
       ClCompile:
         c:\Program Files (x86)\Microsoft Visual Studio 10.0\VC\bin\CL.exe /c /I"C:\Users\Andre\Documents\Coding\CG\CG-1112i-LI31DN-LI51DN\OpenGL\Demos\dependencies\include" /ZI /nologo /W3 /WX- /Od /Oy- /D WIN32 /D _DEBUG /D _CONSOLE /D _CRT_SECURE_NO_WARNINGS /D _UNICODE /D UNICODE /Gm /EHsc /RTC1 /MDd /GS /fp:precise /Zc:wchar_t /Zc:forScope /Fo"Debug\\" /Fd"Debug\vc100.pdb" /Gd /TP /analyze- /errorReport:prompt GorillazApp.cpp
         GorillazApp.cpp
       ManifestResourceCompile:
         All outputs are up-to-date.
       Link:
         c:\Program Files (x86)\Microsoft Visual Studio 10.0\VC\bin\link.exe /ERRORREPORT:PROMPT /OUT:"C:\Users\Andre\Documents\Coding\CG\CG-1112i-LI31DN-LI51DN\OpenGL\Demos\Debug\Gorillaz_GSAJ.exe" /INCREMENTAL /NOLOGO /LIBPATH:"C:\Users\Andre\Documents\Coding\CG\CG-1112i-LI31DN-LI51DN\OpenGL\Demos\dependencies\lib" kernel32.lib user32.lib gdi32.lib winspool.lib comdlg32.lib advapi32.lib shell32.lib ole32.lib oleaut32.lib uuid.lib odbc32.lib odbccp32.lib "C:\Users\Andre\Documents\Coding\CG\CG-1112i-LI31DN-LI51DN\OpenGL\Demos\dependencies\lib\cggl_engine.lib" kernel32.lib user32.lib gdi32.lib winspool.lib comdlg32.lib advapi32.lib shell32.lib ole32.lib oleaut32.lib uuid.lib odbc32.lib odbccp32.lib /MANIFEST /ManifestFile:"Debug\Gorillaz_GSAJ.exe.intermediate.manifest" /MANIFESTUAC:"level='asInvoker' uiAccess='false'" /DEBUG /PDB:"C:\Users\Andre\Documents\Coding\CG\CG-1112i-LI31DN-LI51DN\OpenGL\Demos\Debug\Gorillaz_GSAJ.pdb" /SUBSYSTEM:CONSOLE /TLBID:1 /DYNAMICBASE /NXCOMPAT /IMPLIB:"C:\Users\Andre\Documents\Coding\CG\CG-1112i-LI31DN-LI51DN\OpenGL\Demos\Debug\Gorillaz_GSAJ.lib" /MACHINE:X86 Debug\Gorillaz_GSAJ.exe.embed.manifest.res
         Debug\GorillazApp.obj
       Manifest:
         C:\Program Files (x86)\Microsoft SDKs\Windows\v7.0A\bin\mt.exe /nologo /verbose /out:"Debug\Gorillaz_GSAJ.exe.embed.manifest" /manifest Debug\Gorillaz_GSAJ.exe.intermediate.manifest
         C:\Program Files (x86)\Microsoft SDKs\Windows\v7.0A\bin\rc.exe /nologo /fo"Debug\Gorillaz_GSAJ.exe.embed.manifest.res" Debug\Gorillaz_GSAJ_manifest.rc 
       LinkEmbedManifest:
         c:\Program Files (x86)\Microsoft Visual Studio 10.0\VC\bin\link.exe /ERRORREPORT:PROMPT /OUT:"C:\Users\Andre\Documents\Coding\CG\CG-1112i-LI31DN-LI51DN\OpenGL\Demos\Debug\Gorillaz_GSAJ.exe" /INCREMENTAL /NOLOGO /LIBPATH:"C:\Users\Andre\Documents\Coding\CG\CG-1112i-LI31DN-LI51DN\OpenGL\Demos\dependencies\lib" kernel32.lib user32.lib gdi32.lib winspool.lib comdlg32.lib advapi32.lib shell32.lib ole32.lib oleaut32.lib uuid.lib odbc32.lib odbccp32.lib "C:\Users\Andre\Documents\Coding\CG\CG-1112i-LI31DN-LI51DN\OpenGL\Demos\dependencies\lib\cggl_engine.lib" kernel32.lib user32.lib gdi32.lib winspool.lib comdlg32.lib advapi32.lib shell32.lib ole32.lib oleaut32.lib uuid.lib odbc32.lib odbccp32.lib /MANIFEST /ManifestFile:"Debug\Gorillaz_GSAJ.exe.intermediate.manifest" /MANIFESTUAC:"level='asInvoker' uiAccess='false'" /DEBUG /PDB:"C:\Users\Andre\Documents\Coding\CG\CG-1112i-LI31DN-LI51DN\OpenGL\Demos\Debug\Gorillaz_GSAJ.pdb" /SUBSYSTEM:CONSOLE /TLBID:1 /DYNAMICBASE /NXCOMPAT /IMPLIB:"C:\Users\Andre\Documents\Coding\CG\CG-1112i-LI31DN-LI51DN\OpenGL\Demos\Debug\Gorillaz_GSAJ.lib" /MACHINE:X86 Debug\Gorillaz_GSAJ.exe.embed.manifest.res
         Debug\GorillazApp.obj
         Gorillaz_GSAJ.vcxproj -> C:\Users\Andre\Documents\Coding\CG\CG-1112i-LI31DN-LI51DN\OpenGL\Demos\Debug\Gorillaz_GSAJ.exe
       PostBuildEvent:
         copy "C:\Users\Andre\Documents\Coding\CG\CG-1112i-LI31DN-LI51DN\OpenGL\Demos\dependencies\bin\*.*" "C:\Users\Andre\Documents\Coding\CG\CG-1112i-LI31DN-LI51DN\OpenGL\Demos\Debug\"
         :VCEnd
         C:\Users\Andre\Documents\Coding\CG\CG-1112i-LI31DN-LI51DN\OpenGL\Demos\dependencies\bin\glew32.dll
         C:\Users\Andre\Documents\Coding\CG\CG-1112i-LI31DN-LI51DN\OpenGL\Demos\dependencies\bin\glut32.dll
                 2 file(s) copied.
       FinalizeBuildStatus:
         Deleting file "Debug\Gorillaz_GSAJ.unsuccessfulbuild".
         Touching "Debug\Gorillaz_GSAJ.lastbuildstate".
     1>Done Building Project "C:\Users\Andre\Documents\Coding\CG\CG-1112i-LI31DN-LI51DN\OpenGL\Demos\Gorillaz_GSAJ\Gorillaz_GSAJ.vcxproj" (build target(s)).

Build succeeded.

Time Elapsed 00:00:03.17
