Build started 1/12/2012 10:12:25 AM.
     1>Project "C:\Users\Andre\Documents\Coding\CG\CG-1112i-LI31DN-LI51DN\OpenGL\Demos\CGGL\Pong\Pong.vcxproj" on node 9 (build target(s)).
     1>InitializeBuildStatus:
         Creating "Debug\Pong.unsuccessfulbuild" because "AlwaysCreate" was specified.
       ClCompile:
         c:\Program Files (x86)\Microsoft Visual Studio 10.0\VC\bin\CL.exe /c /I"C:\Users\Andre\Documents\Coding\CG\CG-1112i-LI31DN-LI51DN\OpenGL\Demos\dependencies\include" /ZI /nologo /W3 /WX- /Od /Oy- /D WIN32 /D _DEBUG /D _CONSOLE /D _UNICODE /D UNICODE /D _CRT_SECURE_NO_WARNINGS /Gm /EHsc /RTC1 /MDd /GS /fp:precise /Zc:wchar_t /Zc:forScope /Fo"Debug\\" /Fd"Debug\vc100.pdb" /Gd /TP /analyze- /errorReport:prompt Ball.cpp main.cpp Pong.cpp
         Pong.cpp
         main.cpp
         Ball.cpp
         Generating Code...
       ManifestResourceCompile:
         C:\Program Files (x86)\Microsoft SDKs\Windows\v7.0A\bin\rc.exe /nologo /fo"Debug\Pong.exe.embed.manifest.res" Debug\Pong_manifest.rc 
       Link:
         c:\Program Files (x86)\Microsoft Visual Studio 10.0\VC\bin\link.exe /ERRORREPORT:PROMPT /OUT:"C:\Users\Andre\Documents\Coding\CG\CG-1112i-LI31DN-LI51DN\OpenGL\Demos\Debug\Pong.exe" /INCREMENTAL /NOLOGO /LIBPATH:"C:\Users\Andre\Documents\Coding\CG\CG-1112i-LI31DN-LI51DN\OpenGL\Demos\dependencies\lib" kernel32.lib user32.lib gdi32.lib winspool.lib comdlg32.lib advapi32.lib shell32.lib ole32.lib oleaut32.lib uuid.lib odbc32.lib odbccp32.lib kernel32.lib user32.lib gdi32.lib winspool.lib comdlg32.lib advapi32.lib shell32.lib ole32.lib oleaut32.lib uuid.lib odbc32.lib odbccp32.lib cggl_engine.lib /MANIFEST /ManifestFile:"Debug\Pong.exe.intermediate.manifest" /MANIFESTUAC:"level='asInvoker' uiAccess='false'" /DEBUG /PDB:"C:\Users\Andre\Documents\Coding\CG\CG-1112i-LI31DN-LI51DN\OpenGL\Demos\Debug\Pong.pdb" /SUBSYSTEM:CONSOLE /TLBID:1 /DYNAMICBASE /NXCOMPAT /IMPLIB:"C:\Users\Andre\Documents\Coding\CG\CG-1112i-LI31DN-LI51DN\OpenGL\Demos\Debug\Pong.lib" /MACHINE:X86 Debug\Pong.exe.embed.manifest.res
         Debug\Ball.obj
         Debug\main.obj
         Debug\Pong.obj
       Manifest:
         C:\Program Files (x86)\Microsoft SDKs\Windows\v7.0A\bin\mt.exe /nologo /verbose /out:"Debug\Pong.exe.embed.manifest" /manifest Debug\Pong.exe.intermediate.manifest
         C:\Program Files (x86)\Microsoft SDKs\Windows\v7.0A\bin\rc.exe /nologo /fo"Debug\Pong.exe.embed.manifest.res" Debug\Pong_manifest.rc 
       LinkEmbedManifest:
         c:\Program Files (x86)\Microsoft Visual Studio 10.0\VC\bin\link.exe /ERRORREPORT:PROMPT /OUT:"C:\Users\Andre\Documents\Coding\CG\CG-1112i-LI31DN-LI51DN\OpenGL\Demos\Debug\Pong.exe" /INCREMENTAL /NOLOGO /LIBPATH:"C:\Users\Andre\Documents\Coding\CG\CG-1112i-LI31DN-LI51DN\OpenGL\Demos\dependencies\lib" kernel32.lib user32.lib gdi32.lib winspool.lib comdlg32.lib advapi32.lib shell32.lib ole32.lib oleaut32.lib uuid.lib odbc32.lib odbccp32.lib kernel32.lib user32.lib gdi32.lib winspool.lib comdlg32.lib advapi32.lib shell32.lib ole32.lib oleaut32.lib uuid.lib odbc32.lib odbccp32.lib cggl_engine.lib /MANIFEST /ManifestFile:"Debug\Pong.exe.intermediate.manifest" /MANIFESTUAC:"level='asInvoker' uiAccess='false'" /DEBUG /PDB:"C:\Users\Andre\Documents\Coding\CG\CG-1112i-LI31DN-LI51DN\OpenGL\Demos\Debug\Pong.pdb" /SUBSYSTEM:CONSOLE /TLBID:1 /DYNAMICBASE /NXCOMPAT /IMPLIB:"C:\Users\Andre\Documents\Coding\CG\CG-1112i-LI31DN-LI51DN\OpenGL\Demos\Debug\Pong.lib" /MACHINE:X86 Debug\Pong.exe.embed.manifest.res
         Debug\Ball.obj
         Debug\main.obj
         Debug\Pong.obj
         Pong.vcxproj -> C:\Users\Andre\Documents\Coding\CG\CG-1112i-LI31DN-LI51DN\OpenGL\Demos\Debug\Pong.exe
       PostBuildEvent:
         Description: Copy bin dependencies from solution into project
         copy "C:\Users\Andre\Documents\Coding\CG\CG-1112i-LI31DN-LI51DN\OpenGL\Demos\dependencies\bin\*.*" "C:\Users\Andre\Documents\Coding\CG\CG-1112i-LI31DN-LI51DN\OpenGL\Demos\Debug\"
         :VCEnd
         C:\Users\Andre\Documents\Coding\CG\CG-1112i-LI31DN-LI51DN\OpenGL\Demos\dependencies\bin\glew32.dll
         C:\Users\Andre\Documents\Coding\CG\CG-1112i-LI31DN-LI51DN\OpenGL\Demos\dependencies\bin\glut32.dll
                 2 file(s) copied.
       FinalizeBuildStatus:
         Deleting file "Debug\Pong.unsuccessfulbuild".
         Touching "Debug\Pong.lastbuildstate".
     1>Done Building Project "C:\Users\Andre\Documents\Coding\CG\CG-1112i-LI31DN-LI51DN\OpenGL\Demos\CGGL\Pong\Pong.vcxproj" (build target(s)).

Build succeeded.

Time Elapsed 00:00:04.65
