Build started 1/12/2012 10:12:16 AM.
     1>Project "C:\Users\Andre\Documents\Coding\CG\CG-1112i-LI31DN-LI51DN\OpenGL\Demos\Demo1_OpenGL_Square\Demo1_OpenGL_Square.vcxproj" on node 3 (build target(s)).
     1>InitializeBuildStatus:
         Creating "Debug\01_OpenGL_Square.unsuccessfulbuild" because "AlwaysCreate" was specified.
       ClCompile:
         c:\Program Files (x86)\Microsoft Visual Studio 10.0\VC\bin\CL.exe /c /ZI /nologo /W3 /WX- /Od /Oy- /D WIN32 /D _DEBUG /D _CONSOLE /D _UNICODE /D UNICODE /Gm /EHsc /RTC1 /MDd /GS /fp:precise /Zc:wchar_t /Zc:forScope /Fo"Debug\\" /Fd"Debug\vc100.pdb" /Gd /TP /analyze- /errorReport:prompt main.cpp
         main.cpp
       ManifestResourceCompile:
         C:\Program Files (x86)\Microsoft SDKs\Windows\v7.0A\bin\rc.exe /nologo /fo"Debug\01_OpenGL_Square.exe.embed.manifest.res" Debug\01_OpenGL_Square_manifest.rc 
       Link:
         c:\Program Files (x86)\Microsoft Visual Studio 10.0\VC\bin\link.exe /ERRORREPORT:PROMPT /OUT:"C:\Users\Andre\Documents\Coding\CG\CG-1112i-LI31DN-LI51DN\OpenGL\Demos\Debug\01_OpenGL_Square.exe" /INCREMENTAL /NOLOGO kernel32.lib user32.lib gdi32.lib winspool.lib comdlg32.lib advapi32.lib shell32.lib ole32.lib oleaut32.lib uuid.lib odbc32.lib odbccp32.lib /MANIFEST /ManifestFile:"Debug\01_OpenGL_Square.exe.intermediate.manifest" /MANIFESTUAC:"level='asInvoker' uiAccess='false'" /DEBUG /PDB:"C:\Users\Andre\Documents\Coding\CG\CG-1112i-LI31DN-LI51DN\OpenGL\Demos\Debug\01_OpenGL_Square.pdb" /SUBSYSTEM:CONSOLE /TLBID:1 /DYNAMICBASE /NXCOMPAT /IMPLIB:"C:\Users\Andre\Documents\Coding\CG\CG-1112i-LI31DN-LI51DN\OpenGL\Demos\Debug\01_OpenGL_Square.lib" /MACHINE:X86 Debug\01_OpenGL_Square.exe.embed.manifest.res
         Debug\main.obj
       Manifest:
         C:\Program Files (x86)\Microsoft SDKs\Windows\v7.0A\bin\mt.exe /nologo /verbose /out:"Debug\01_OpenGL_Square.exe.embed.manifest" /manifest Debug\01_OpenGL_Square.exe.intermediate.manifest
         C:\Program Files (x86)\Microsoft SDKs\Windows\v7.0A\bin\rc.exe /nologo /fo"Debug\01_OpenGL_Square.exe.embed.manifest.res" Debug\01_OpenGL_Square_manifest.rc 
       LinkEmbedManifest:
         c:\Program Files (x86)\Microsoft Visual Studio 10.0\VC\bin\link.exe /ERRORREPORT:PROMPT /OUT:"C:\Users\Andre\Documents\Coding\CG\CG-1112i-LI31DN-LI51DN\OpenGL\Demos\Debug\01_OpenGL_Square.exe" /INCREMENTAL /NOLOGO kernel32.lib user32.lib gdi32.lib winspool.lib comdlg32.lib advapi32.lib shell32.lib ole32.lib oleaut32.lib uuid.lib odbc32.lib odbccp32.lib /MANIFEST /ManifestFile:"Debug\01_OpenGL_Square.exe.intermediate.manifest" /MANIFESTUAC:"level='asInvoker' uiAccess='false'" /DEBUG /PDB:"C:\Users\Andre\Documents\Coding\CG\CG-1112i-LI31DN-LI51DN\OpenGL\Demos\Debug\01_OpenGL_Square.pdb" /SUBSYSTEM:CONSOLE /TLBID:1 /DYNAMICBASE /NXCOMPAT /IMPLIB:"C:\Users\Andre\Documents\Coding\CG\CG-1112i-LI31DN-LI51DN\OpenGL\Demos\Debug\01_OpenGL_Square.lib" /MACHINE:X86 Debug\01_OpenGL_Square.exe.embed.manifest.res
         Debug\main.obj
         Demo1_OpenGL_Square.vcxproj -> C:\Users\Andre\Documents\Coding\CG\CG-1112i-LI31DN-LI51DN\OpenGL\Demos\Debug\01_OpenGL_Square.exe
       FinalizeBuildStatus:
         Deleting file "Debug\01_OpenGL_Square.unsuccessfulbuild".
         Touching "Debug\01_OpenGL_Square.lastbuildstate".
     1>Done Building Project "C:\Users\Andre\Documents\Coding\CG\CG-1112i-LI31DN-LI51DN\OpenGL\Demos\Demo1_OpenGL_Square\Demo1_OpenGL_Square.vcxproj" (build target(s)).

Build succeeded.

Time Elapsed 00:00:01.55
