Build started 1/12/2012 10:12:25 AM.
     1>Project "C:\Users\Andre\Documents\Coding\CG\CG-1112i-LI31DN-LI51DN\OpenGL\Demos\CGGL\BouncingBall\BouncingBall.vcxproj" on node 5 (build target(s)).
     1>InitializeBuildStatus:
         Creating "Debug\BouncingBall.unsuccessfulbuild" because "AlwaysCreate" was specified.
       ClCompile:
         c:\Program Files (x86)\Microsoft Visual Studio 10.0\VC\bin\CL.exe /c /I"C:\Users\Andre\Documents\Coding\CG\CG-1112i-LI31DN-LI51DN\OpenGL\Demos\dependencies\include\\" /ZI /nologo /W3 /WX- /Od /Oy- /D WIN32 /D _DEBUG /D _CONSOLE /D _UNICODE /D UNICODE /Gm /EHsc /RTC1 /MDd /GS /fp:precise /Zc:wchar_t /Zc:forScope /Fo"Debug\\" /Fd"Debug\vc100.pdb" /Gd /TP /analyze- /errorReport:prompt Ball.cpp BouncingBallApp.cpp
         BouncingBallApp.cpp
         Ball.cpp
         Generating Code...
       ManifestResourceCompile:
         C:\Program Files (x86)\Microsoft SDKs\Windows\v7.0A\bin\rc.exe /nologo /fo"Debug\BouncingBall.exe.embed.manifest.res" Debug\BouncingBall_manifest.rc 
       Link:
         c:\Program Files (x86)\Microsoft Visual Studio 10.0\VC\bin\link.exe /ERRORREPORT:PROMPT /OUT:"C:\Users\Andre\Documents\Coding\CG\CG-1112i-LI31DN-LI51DN\OpenGL\Demos\Debug\BouncingBall.exe" /INCREMENTAL /NOLOGO ../../Dependencies/lib/cggl_engine.lib kernel32.lib user32.lib gdi32.lib winspool.lib comdlg32.lib advapi32.lib shell32.lib ole32.lib oleaut32.lib uuid.lib odbc32.lib odbccp32.lib /MANIFEST /ManifestFile:"Debug\BouncingBall.exe.intermediate.manifest" /MANIFESTUAC:"level='asInvoker' uiAccess='false'" /DEBUG /PDB:"C:\Users\Andre\Documents\Coding\CG\CG-1112i-LI31DN-LI51DN\OpenGL\Demos\Debug\BouncingBall.pdb" /SUBSYSTEM:CONSOLE /TLBID:1 /DYNAMICBASE /NXCOMPAT /IMPLIB:"C:\Users\Andre\Documents\Coding\CG\CG-1112i-LI31DN-LI51DN\OpenGL\Demos\Debug\BouncingBall.lib" /MACHINE:X86 Debug\BouncingBall.exe.embed.manifest.res
         Debug\Ball.obj
         Debug\BouncingBallApp.obj
       Manifest:
         C:\Program Files (x86)\Microsoft SDKs\Windows\v7.0A\bin\mt.exe /nologo /verbose /out:"Debug\BouncingBall.exe.embed.manifest" /manifest Debug\BouncingBall.exe.intermediate.manifest
         C:\Program Files (x86)\Microsoft SDKs\Windows\v7.0A\bin\rc.exe /nologo /fo"Debug\BouncingBall.exe.embed.manifest.res" Debug\BouncingBall_manifest.rc 
       LinkEmbedManifest:
         c:\Program Files (x86)\Microsoft Visual Studio 10.0\VC\bin\link.exe /ERRORREPORT:PROMPT /OUT:"C:\Users\Andre\Documents\Coding\CG\CG-1112i-LI31DN-LI51DN\OpenGL\Demos\Debug\BouncingBall.exe" /INCREMENTAL /NOLOGO ../../Dependencies/lib/cggl_engine.lib kernel32.lib user32.lib gdi32.lib winspool.lib comdlg32.lib advapi32.lib shell32.lib ole32.lib oleaut32.lib uuid.lib odbc32.lib odbccp32.lib /MANIFEST /ManifestFile:"Debug\BouncingBall.exe.intermediate.manifest" /MANIFESTUAC:"level='asInvoker' uiAccess='false'" /DEBUG /PDB:"C:\Users\Andre\Documents\Coding\CG\CG-1112i-LI31DN-LI51DN\OpenGL\Demos\Debug\BouncingBall.pdb" /SUBSYSTEM:CONSOLE /TLBID:1 /DYNAMICBASE /NXCOMPAT /IMPLIB:"C:\Users\Andre\Documents\Coding\CG\CG-1112i-LI31DN-LI51DN\OpenGL\Demos\Debug\BouncingBall.lib" /MACHINE:X86 Debug\BouncingBall.exe.embed.manifest.res
         Debug\Ball.obj
         Debug\BouncingBallApp.obj
         BouncingBall.vcxproj -> C:\Users\Andre\Documents\Coding\CG\CG-1112i-LI31DN-LI51DN\OpenGL\Demos\Debug\BouncingBall.exe
       FinalizeBuildStatus:
         Deleting file "Debug\BouncingBall.unsuccessfulbuild".
         Touching "Debug\BouncingBall.lastbuildstate".
     1>Done Building Project "C:\Users\Andre\Documents\Coding\CG\CG-1112i-LI31DN-LI51DN\OpenGL\Demos\CGGL\BouncingBall\BouncingBall.vcxproj" (build target(s)).

Build succeeded.

Time Elapsed 00:00:03.85
